<?xml version="1.0" encoding="UTF-8"?>
<!-- Generated by org.testng.reporters.JUnitReportReporter -->
<testsuite hostname="LAPTOP-83K3QJ4L" failures="0" tests="1" name="testcases.LoginTest" time="105.190" errors="0" timestamp="04 Apr 2022 07:32:26 GMT" skipped="0">
  <testcase classname="testcases.LoginTest" name="loginwithvalidcred" time="105.190"/>
</testsuite> <!-- testcases.LoginTest -->
